<?xml version="1.0" encoding="UTF-8"?>
<!-- Generated by org.testng.reporters.JUnitXMLReporter -->
<testsuite hostname="DESKTOP-Q4SGRQV" ignored="0" name="Default test" tests="6" failures="0" timestamp="2021-06-04T11:51:22 IST" time="166.558" errors="0">
  <testcase name="launchBrowser" time="7.968" classname="com.sgteating.assgnDataProviderTestNG.Demo9"/>
  <testcase name="navigate" time="5.44" classname="com.sgteating.assgnDataProviderTestNG.Demo9"/>
  <testcase name="loginCreate" time="115.474" classname="com.sgteating.assgnDataProviderTestNG.Demo9"/>
  <testcase name="loginModify" time="36.932" classname="com.sgteating.assgnDataProviderTestNG.Demo9"/>
  <testcase name="deleteUser" time="0.06" classname="com.sgteating.assgnDataProviderTestNG.Demo9"/>
  <testcase name="closeApplication" time="0.587" classname="com.sgteating.assgnDataProviderTestNG.Demo9"/>
</testsuite> <!-- Default test -->
