<?xml version="1.0" encoding="UTF-8"?>
<testng-results skipped="0" failed="0" ignored="0" total="7" passed="7">
  <reporter-output>
  </reporter-output>
  <suite name="Testing" duration-ms="84383" started-at="2021-06-02T13:52:37 IST" finished-at="2021-06-02T13:54:01 IST">
    <groups>
    </groups>
    <test name="Scenarios" duration-ms="84383" started-at="2021-06-02T13:52:37 IST" finished-at="2021-06-02T13:54:01 IST">
      <class name="com.sgteating.assgnTestNG.Demo1">
        <test-method status="PASS" signature="launchBrowser()[pri:1, instance:com.sgteating.assgnTestNG.Demo1@711f39f9]" name="launchBrowser" duration-ms="7181" started-at="2021-06-02T13:52:37 IST" finished-at="2021-06-02T13:52:44 IST">
          <reporter-output>
          </reporter-output>
        </test-method> <!-- launchBrowser -->
        <test-method status="PASS" signature="navigate()[pri:2, instance:com.sgteating.assgnTestNG.Demo1@711f39f9]" name="navigate" duration-ms="9749" started-at="2021-06-02T13:52:44 IST" finished-at="2021-06-02T13:52:54 IST">
          <reporter-output>
          </reporter-output>
        </test-method> <!-- navigate -->
        <test-method status="PASS" signature="login()[pri:3, instance:com.sgteating.assgnTestNG.Demo1@711f39f9]" name="login" duration-ms="16602" started-at="2021-06-02T13:52:54 IST" finished-at="2021-06-02T13:53:10 IST">
          <reporter-output>
          </reporter-output>
        </test-method> <!-- login -->
        <test-method status="PASS" signature="createUser()[pri:4, instance:com.sgteating.assgnTestNG.Demo1@711f39f9]" name="createUser" duration-ms="26108" started-at="2021-06-02T13:53:10 IST" finished-at="2021-06-02T13:53:36 IST">
          <reporter-output>
          </reporter-output>
        </test-method> <!-- createUser -->
        <test-method status="PASS" signature="modifyUser()[pri:5, instance:com.sgteating.assgnTestNG.Demo1@711f39f9]" name="modifyUser" duration-ms="11389" started-at="2021-06-02T13:53:36 IST" finished-at="2021-06-02T13:53:48 IST">
          <reporter-output>
          </reporter-output>
        </test-method> <!-- modifyUser -->
        <test-method status="PASS" signature="deleteUser()[pri:6, instance:com.sgteating.assgnTestNG.Demo1@711f39f9]" name="deleteUser" duration-ms="12365" started-at="2021-06-02T13:53:48 IST" finished-at="2021-06-02T13:54:00 IST">
          <reporter-output>
          </reporter-output>
        </test-method> <!-- deleteUser -->
        <test-method status="PASS" signature="closeApplication()[pri:7, instance:com.sgteating.assgnTestNG.Demo1@711f39f9]" name="closeApplication" duration-ms="896" started-at="2021-06-02T13:54:00 IST" finished-at="2021-06-02T13:54:01 IST">
          <reporter-output>
          </reporter-output>
        </test-method> <!-- closeApplication -->
      </class> <!-- com.sgteating.assgnTestNG.Demo1 -->
    </test> <!-- Scenarios -->
  </suite> <!-- Testing -->
</testng-results>
