<?xml version="1.0" encoding="UTF-8"?>
<!-- Generated by org.testng.reporters.JUnitXMLReporter -->
<testsuite hostname="DESKTOP-Q4SGRQV" ignored="0" name="Scenarios" tests="93" failures="0" timestamp="2021-06-02T14:25:23 IST" time="971.861" errors="0">
  <testcase name="launchBrowser" time="5.473" classname="com.sgteating.assgnTestNG.Demo1"/>
  <testcase name="navigate" time="11.234" classname="com.sgteating.assgnTestNG.Demo1"/>
  <testcase name="login" time="16.891" classname="com.sgteating.assgnTestNG.Demo1"/>
  <testcase name="createUser" time="27.625" classname="com.sgteating.assgnTestNG.Demo1"/>
  <testcase name="modifyUser" time="11.548" classname="com.sgteating.assgnTestNG.Demo1"/>
  <testcase name="deleteUser" time="12.98" classname="com.sgteating.assgnTestNG.Demo1"/>
  <testcase name="closeApplication" time="0.527" classname="com.sgteating.assgnTestNG.Demo1"/>
  <testcase name="launchBrowser" time="6.873" classname="com.sgteating.assgnTestNG.Demo2"/>
  <testcase name="navigate" time="5.126" classname="com.sgteating.assgnTestNG.Demo2"/>
  <testcase name="login" time="2.391" classname="com.sgteating.assgnTestNG.Demo2"/>
  <testcase name="minimizeFlyOutWindow" time="2.213" classname="com.sgteating.assgnTestNG.Demo2"/>
  <testcase name="createUser" time="14.862" classname="com.sgteating.assgnTestNG.Demo2"/>
  <testcase name="modifyUser" time="11.425" classname="com.sgteating.assgnTestNG.Demo2"/>
  <testcase name="deleteUser" time="13.05" classname="com.sgteating.assgnTestNG.Demo2"/>
  <testcase name="logout" time="2.914" classname="com.sgteating.assgnTestNG.Demo2"/>
  <testcase name="closeApplication" time="0.656" classname="com.sgteating.assgnTestNG.Demo2"/>
  <testcase name="launchBrowser" time="5.117" classname="com.sgteating.assgnTestNG.Demo3"/>
  <testcase name="navigate" time="8.367" classname="com.sgteating.assgnTestNG.Demo3"/>
  <testcase name="login" time="2.427" classname="com.sgteating.assgnTestNG.Demo3"/>
  <testcase name="minimizeFlyOutWindow" time="2.439" classname="com.sgteating.assgnTestNG.Demo3"/>
  <testcase name="createUser" time="15.811" classname="com.sgteating.assgnTestNG.Demo3"/>
  <testcase name="createCustomer" time="16.964" classname="com.sgteating.assgnTestNG.Demo3"/>
  <testcase name="deleteCustomer" time="16.104" classname="com.sgteating.assgnTestNG.Demo3"/>
  <testcase name="deleteUser" time="12.789" classname="com.sgteating.assgnTestNG.Demo3"/>
  <testcase name="logout" time="3.612" classname="com.sgteating.assgnTestNG.Demo3"/>
  <testcase name="closeApplication" time="0.371" classname="com.sgteating.assgnTestNG.Demo3"/>
  <testcase name="launchBrowser" time="6.017" classname="com.sgteating.assgnTestNG.Demo4"/>
  <testcase name="navigate" time="6.096" classname="com.sgteating.assgnTestNG.Demo4"/>
  <testcase name="login" time="2.368" classname="com.sgteating.assgnTestNG.Demo4"/>
  <testcase name="minimizeFlyOutWindow" time="2.178" classname="com.sgteating.assgnTestNG.Demo4"/>
  <testcase name="createUser" time="14.076" classname="com.sgteating.assgnTestNG.Demo4"/>
  <testcase name="createCustomer" time="17.311" classname="com.sgteating.assgnTestNG.Demo4"/>
  <testcase name="modifyCustomer" time="9.407" classname="com.sgteating.assgnTestNG.Demo4"/>
  <testcase name="deleteCustomer" time="15.827" classname="com.sgteating.assgnTestNG.Demo4"/>
  <testcase name="deleteUser" time="12.37" classname="com.sgteating.assgnTestNG.Demo4"/>
  <testcase name="logout" time="2.627" classname="com.sgteating.assgnTestNG.Demo4"/>
  <testcase name="closeApplication" time="0.53" classname="com.sgteating.assgnTestNG.Demo4"/>
  <testcase name="launchBrowser" time="4.365" classname="com.sgteating.assgnTestNG.Demo5"/>
  <testcase name="navigate" time="5.848" classname="com.sgteating.assgnTestNG.Demo5"/>
  <testcase name="login" time="2.45" classname="com.sgteating.assgnTestNG.Demo5"/>
  <testcase name="minimizeFlyOutWindow" time="2.735" classname="com.sgteating.assgnTestNG.Demo5"/>
  <testcase name="createUser" time="14.391" classname="com.sgteating.assgnTestNG.Demo5"/>
  <testcase name="createCustomer" time="18.306" classname="com.sgteating.assgnTestNG.Demo5"/>
  <testcase name="createProject" time="12.558" classname="com.sgteating.assgnTestNG.Demo5"/>
  <testcase name="deleteProject" time="12.506" classname="com.sgteating.assgnTestNG.Demo5"/>
  <testcase name="deleteCustomer" time="16.036" classname="com.sgteating.assgnTestNG.Demo5"/>
  <testcase name="deleteUser" time="12.468" classname="com.sgteating.assgnTestNG.Demo5"/>
  <testcase name="logout" time="2.698" classname="com.sgteating.assgnTestNG.Demo5"/>
  <testcase name="closeApplication" time="0.482" classname="com.sgteating.assgnTestNG.Demo5"/>
  <testcase name="launchBrowser" time="6.096" classname="com.sgteating.assgnTestNG.Demo6"/>
  <testcase name="navigate" time="5.841" classname="com.sgteating.assgnTestNG.Demo6"/>
  <testcase name="login" time="2.403" classname="com.sgteating.assgnTestNG.Demo6"/>
  <testcase name="minimizeFlyOutWindow" time="2.167" classname="com.sgteating.assgnTestNG.Demo6"/>
  <testcase name="createUser" time="14.795" classname="com.sgteating.assgnTestNG.Demo6"/>
  <testcase name="createCustomer" time="17.433" classname="com.sgteating.assgnTestNG.Demo6"/>
  <testcase name="createProject" time="12.438" classname="com.sgteating.assgnTestNG.Demo6"/>
  <testcase name="modifyProject" time="9.408" classname="com.sgteating.assgnTestNG.Demo6"/>
  <testcase name="deleteProject" time="12.432" classname="com.sgteating.assgnTestNG.Demo6"/>
  <testcase name="deleteCustomer" time="16.043" classname="com.sgteating.assgnTestNG.Demo6"/>
  <testcase name="deleteUser" time="13.603" classname="com.sgteating.assgnTestNG.Demo6"/>
  <testcase name="logout" time="3.369" classname="com.sgteating.assgnTestNG.Demo6"/>
  <testcase name="closeApplication" time="0.538" classname="com.sgteating.assgnTestNG.Demo6"/>
  <testcase name="launchBrowser" time="7.568" classname="com.sgteating.assgnTestNG.Demo7"/>
  <testcase name="navigate" time="5.637" classname="com.sgteating.assgnTestNG.Demo7"/>
  <testcase name="login" time="2.43" classname="com.sgteating.assgnTestNG.Demo7"/>
  <testcase name="minimizeFlyOutWindow" time="2.072" classname="com.sgteating.assgnTestNG.Demo7"/>
  <testcase name="createUser" time="14.531" classname="com.sgteating.assgnTestNG.Demo7"/>
  <testcase name="createCustomer" time="17.035" classname="com.sgteating.assgnTestNG.Demo7"/>
  <testcase name="createProject" time="12.478" classname="com.sgteating.assgnTestNG.Demo7"/>
  <testcase name="createTask" time="12.5" classname="com.sgteating.assgnTestNG.Demo7"/>
  <testcase name="deleteTask" time="14.475" classname="com.sgteating.assgnTestNG.Demo7"/>
  <testcase name="deleteProject" time="12.419" classname="com.sgteating.assgnTestNG.Demo7"/>
  <testcase name="deleteCustomer" time="15.59" classname="com.sgteating.assgnTestNG.Demo7"/>
  <testcase name="deleteUser" time="12.514" classname="com.sgteating.assgnTestNG.Demo7"/>
  <testcase name="logout" time="2.553" classname="com.sgteating.assgnTestNG.Demo7"/>
  <testcase name="closeApplication" time="0.41" classname="com.sgteating.assgnTestNG.Demo7"/>
  <testcase name="launchBrowser" time="4.665" classname="com.sgteating.assgnTestNG.Demo8"/>
  <testcase name="navigate" time="5.462" classname="com.sgteating.assgnTestNG.Demo8"/>
  <testcase name="login" time="2.359" classname="com.sgteating.assgnTestNG.Demo8"/>
  <testcase name="minimizeFlyOutWindow" time="2.164" classname="com.sgteating.assgnTestNG.Demo8"/>
  <testcase name="createUser" time="38.662" classname="com.sgteating.assgnTestNG.Demo8"/>
  <testcase name="logout" time="3.068" classname="com.sgteating.assgnTestNG.Demo8"/>
  <testcase name="login1" time="84.408" classname="com.sgteating.assgnTestNG.Demo8"/>
  <testcase name="loginn" time="0.024" classname="com.sgteating.assgnTestNG.Demo8"/>
  <testcase name="deleteUser" time="1.159" classname="com.sgteating.assgnTestNG.Demo8"/>
  <testcase name="logoutt" time="1.079" classname="com.sgteating.assgnTestNG.Demo8"/>
  <testcase name="closeApplication" time="0.974" classname="com.sgteating.assgnTestNG.Demo8"/>
  <testcase name="launchBrowser" time="5.043" classname="com.sgteating.assgnTestNG.Demo9"/>
  <testcase name="navigate" time="5.559" classname="com.sgteating.assgnTestNG.Demo9"/>
  <testcase name="loginCreate" time="90.022" classname="com.sgteating.assgnTestNG.Demo9"/>
  <testcase name="loginModify" time="54.089" classname="com.sgteating.assgnTestNG.Demo9"/>
  <testcase name="deleteUser" time="0.032" classname="com.sgteating.assgnTestNG.Demo9"/>
  <testcase name="closeApplication" time="0.533" classname="com.sgteating.assgnTestNG.Demo9"/>
</testsuite> <!-- Scenarios -->
