<?xml version="1.0" encoding="UTF-8"?>
<testng-results skipped="0" failed="0" ignored="2" total="6" passed="4">
  <reporter-output>
  </reporter-output>
  <suite name="Automation" duration-ms="83" started-at="2021-06-01T23:26:37 IST" finished-at="2021-06-01T23:26:37 IST">
    <groups>
    </groups>
    <test name="Scenarios" duration-ms="83" started-at="2021-06-01T23:26:37 IST" finished-at="2021-06-01T23:26:37 IST">
      <class name="com.sgtesting.products.Products">
        <test-method status="PASS" signature="setUp()[pri:0, instance:com.sgtesting.products.Products@704a52ec]" name="setUp" is-config="true" duration-ms="0" started-at="2021-06-01T23:26:37 IST" finished-at="2021-06-01T23:26:37 IST">
          <reporter-output>
          </reporter-output>
        </test-method> <!-- setUp -->
        <test-method status="PASS" signature="createProduct()[pri:0, instance:com.sgtesting.products.Products@704a52ec]" name="createProduct" duration-ms="2" started-at="2021-06-01T23:26:37 IST" finished-at="2021-06-01T23:26:37 IST">
          <reporter-output>
          </reporter-output>
        </test-method> <!-- createProduct -->
        <test-method status="PASS" signature="tearDown()[pri:0, instance:com.sgtesting.products.Products@704a52ec]" name="tearDown" is-config="true" duration-ms="0" started-at="2021-06-01T23:26:37 IST" finished-at="2021-06-01T23:26:37 IST">
          <reporter-output>
          </reporter-output>
        </test-method> <!-- tearDown -->
      </class> <!-- com.sgtesting.products.Products -->
      <class name="com.sgtesting.users.Users">
        <test-method status="PASS" signature="setUp()[pri:0, instance:com.sgtesting.users.Users@1b68ddbd]" name="setUp" is-config="true" duration-ms="13" started-at="2021-06-01T23:26:37 IST" finished-at="2021-06-01T23:26:37 IST">
          <reporter-output>
          </reporter-output>
        </test-method> <!-- setUp -->
        <test-method status="PASS" signature="createUser()[pri:0, instance:com.sgtesting.users.Users@1b68ddbd]" name="createUser" duration-ms="7" started-at="2021-06-01T23:26:37 IST" finished-at="2021-06-01T23:26:37 IST">
          <reporter-output>
          </reporter-output>
        </test-method> <!-- createUser -->
        <test-method status="PASS" signature="deleteUser()[pri:0, instance:com.sgtesting.users.Users@1b68ddbd]" name="deleteUser" duration-ms="1" started-at="2021-06-01T23:26:37 IST" finished-at="2021-06-01T23:26:37 IST">
          <reporter-output>
          </reporter-output>
        </test-method> <!-- deleteUser -->
        <test-method status="PASS" signature="modifyUser()[pri:0, instance:com.sgtesting.users.Users@1b68ddbd]" name="modifyUser" duration-ms="1" started-at="2021-06-01T23:26:37 IST" finished-at="2021-06-01T23:26:37 IST">
          <reporter-output>
          </reporter-output>
        </test-method> <!-- modifyUser -->
        <test-method status="PASS" signature="tearDown()[pri:0, instance:com.sgtesting.users.Users@1b68ddbd]" name="tearDown" is-config="true" duration-ms="0" started-at="2021-06-01T23:26:37 IST" finished-at="2021-06-01T23:26:37 IST">
          <reporter-output>
          </reporter-output>
        </test-method> <!-- tearDown -->
      </class> <!-- com.sgtesting.users.Users -->
    </test> <!-- Scenarios -->
  </suite> <!-- Automation -->
</testng-results>
