<?xml version="1.0" encoding="UTF-8"?>
<!-- Generated by org.testng.reporters.JUnitXMLReporter -->
<testsuite hostname="DESKTOP-Q4SGRQV" ignored="0" name="Scenario1" tests="93" failures="0" timestamp="2021-06-04T10:00:48 IST" time="653.36" errors="0">
  <testcase name="launchBrowser" time="21.666" classname="com.sgteating.assgnDataProviderTestNG.Demo1"/>
  <testcase name="navigate" time="37.257" classname="com.sgteating.assgnDataProviderTestNG.Demo1"/>
  <testcase name="login" time="23.418" classname="com.sgteating.assgnDataProviderTestNG.Demo1"/>
  <testcase name="createUser" time="32.234" classname="com.sgteating.assgnDataProviderTestNG.Demo1"/>
  <testcase name="deleteUser" time="12.73" classname="com.sgteating.assgnDataProviderTestNG.Demo1"/>
  <testcase name="logout" time="3.161" classname="com.sgteating.assgnDataProviderTestNG.Demo1"/>
  <testcase name="closeApplication" time="0.894" classname="com.sgteating.assgnDataProviderTestNG.Demo1"/>
  <testcase name="launchBrowser" time="5.635" classname="com.sgteating.assgnDataProviderTestNG.Demo2"/>
  <testcase name="navigate" time="8.532" classname="com.sgteating.assgnDataProviderTestNG.Demo2"/>
  <testcase name="login" time="2.386" classname="com.sgteating.assgnDataProviderTestNG.Demo2"/>
  <testcase name="minimizeFlyOutWindow" time="2.023" classname="com.sgteating.assgnDataProviderTestNG.Demo2"/>
  <testcase name="createUser" time="15.238" classname="com.sgteating.assgnDataProviderTestNG.Demo2"/>
  <testcase name="modifyUser" time="11.374" classname="com.sgteating.assgnDataProviderTestNG.Demo2"/>
  <testcase name="deleteUser" time="13.228" classname="com.sgteating.assgnDataProviderTestNG.Demo2"/>
  <testcase name="logout" time="3.075" classname="com.sgteating.assgnDataProviderTestNG.Demo2"/>
  <testcase name="closeApplication" time="0.323" classname="com.sgteating.assgnDataProviderTestNG.Demo2"/>
  <testcase name="launchBrowser" time="7.85" classname="com.sgteating.assgnDataProviderTestNG.Demo3"/>
  <testcase name="navigate" time="10.235" classname="com.sgteating.assgnDataProviderTestNG.Demo3"/>
  <testcase name="login" time="2.433" classname="com.sgteating.assgnDataProviderTestNG.Demo3"/>
  <testcase name="minimizeFlyOutWindow" time="5.888" classname="com.sgteating.assgnDataProviderTestNG.Demo3"/>
  <testcase name="createUser" time="14.895" classname="com.sgteating.assgnDataProviderTestNG.Demo3"/>
  <testcase name="createCustomer" time="18.649" classname="com.sgteating.assgnDataProviderTestNG.Demo3"/>
  <testcase name="deleteCustomer" time="1.336" classname="com.sgteating.assgnDataProviderTestNG.Demo3"/>
  <testcase name="deleteUser" time="0.047" classname="com.sgteating.assgnDataProviderTestNG.Demo3"/>
  <testcase name="logout" time="1.116" classname="com.sgteating.assgnDataProviderTestNG.Demo3"/>
  <testcase name="closeApplication" time="0.35" classname="com.sgteating.assgnDataProviderTestNG.Demo3"/>
  <testcase name="launchBrowser" time="6.317" classname="com.sgteating.assgnDataProviderTestNG.Demo4"/>
  <testcase name="navigate" time="7.78" classname="com.sgteating.assgnDataProviderTestNG.Demo4"/>
  <testcase name="login" time="2.304" classname="com.sgteating.assgnDataProviderTestNG.Demo4"/>
  <testcase name="minimizeFlyOutWindow" time="2.81" classname="com.sgteating.assgnDataProviderTestNG.Demo4"/>
  <testcase name="createUser" time="15.324" classname="com.sgteating.assgnDataProviderTestNG.Demo4"/>
  <testcase name="createCustomer" time="0.037" classname="com.sgteating.assgnDataProviderTestNG.Demo4"/>
  <testcase name="modifyCustomer" time="0.029" classname="com.sgteating.assgnDataProviderTestNG.Demo4"/>
  <testcase name="deleteCustomer" time="0.044" classname="com.sgteating.assgnDataProviderTestNG.Demo4"/>
  <testcase name="deleteUser" time="1.151" classname="com.sgteating.assgnDataProviderTestNG.Demo4"/>
  <testcase name="logout" time="1.166" classname="com.sgteating.assgnDataProviderTestNG.Demo4"/>
  <testcase name="closeApplication" time="0.308" classname="com.sgteating.assgnDataProviderTestNG.Demo4"/>
  <testcase name="launchBrowser" time="4.517" classname="com.sgteating.assgnDataProviderTestNG.Demo5"/>
  <testcase name="navigate" time="8.652" classname="com.sgteating.assgnDataProviderTestNG.Demo5"/>
  <testcase name="login" time="2.358" classname="com.sgteating.assgnDataProviderTestNG.Demo5"/>
  <testcase name="minimizeFlyOutWindow" time="4.092" classname="com.sgteating.assgnDataProviderTestNG.Demo5"/>
  <testcase name="createUser" time="16.759" classname="com.sgteating.assgnDataProviderTestNG.Demo5"/>
  <testcase name="createCustomer" time="0.049" classname="com.sgteating.assgnDataProviderTestNG.Demo5"/>
  <testcase name="createProject" time="0.061" classname="com.sgteating.assgnDataProviderTestNG.Demo5"/>
  <testcase name="deleteProject" time="0.048" classname="com.sgteating.assgnDataProviderTestNG.Demo5"/>
  <testcase name="deleteCustomer" time="0.052" classname="com.sgteating.assgnDataProviderTestNG.Demo5"/>
  <testcase name="deleteUser" time="1.17" classname="com.sgteating.assgnDataProviderTestNG.Demo5"/>
  <testcase name="logout" time="1.266" classname="com.sgteating.assgnDataProviderTestNG.Demo5"/>
  <testcase name="closeApplication" time="0.411" classname="com.sgteating.assgnDataProviderTestNG.Demo5"/>
  <testcase name="launchBrowser" time="7.264" classname="com.sgteating.assgnDataProviderTestNG.Demo6"/>
  <testcase name="navigate" time="5.317" classname="com.sgteating.assgnDataProviderTestNG.Demo6"/>
  <testcase name="login" time="2.436" classname="com.sgteating.assgnDataProviderTestNG.Demo6"/>
  <testcase name="minimizeFlyOutWindow" time="3.605" classname="com.sgteating.assgnDataProviderTestNG.Demo6"/>
  <testcase name="createUser" time="15.646" classname="com.sgteating.assgnDataProviderTestNG.Demo6"/>
  <testcase name="createCustomer" time="0.032" classname="com.sgteating.assgnDataProviderTestNG.Demo6"/>
  <testcase name="createProject" time="0.056" classname="com.sgteating.assgnDataProviderTestNG.Demo6"/>
  <testcase name="modifyProject" time="0.041" classname="com.sgteating.assgnDataProviderTestNG.Demo6"/>
  <testcase name="deleteProject" time="0.058" classname="com.sgteating.assgnDataProviderTestNG.Demo6"/>
  <testcase name="deleteCustomer" time="0.053" classname="com.sgteating.assgnDataProviderTestNG.Demo6"/>
  <testcase name="deleteUser" time="1.149" classname="com.sgteating.assgnDataProviderTestNG.Demo6"/>
  <testcase name="logout" time="1.169" classname="com.sgteating.assgnDataProviderTestNG.Demo6"/>
  <testcase name="closeApplication" time="0.278" classname="com.sgteating.assgnDataProviderTestNG.Demo6"/>
  <testcase name="launchBrowser" time="5.352" classname="com.sgteating.assgnDataProviderTestNG.Demo7"/>
  <testcase name="navigate" time="5.686" classname="com.sgteating.assgnDataProviderTestNG.Demo7"/>
  <testcase name="login" time="2.399" classname="com.sgteating.assgnDataProviderTestNG.Demo7"/>
  <testcase name="minimizeFlyOutWindow" time="1.994" classname="com.sgteating.assgnDataProviderTestNG.Demo7"/>
  <testcase name="createUser" time="16.341" classname="com.sgteating.assgnDataProviderTestNG.Demo7"/>
  <testcase name="createCustomer" time="0.039" classname="com.sgteating.assgnDataProviderTestNG.Demo7"/>
  <testcase name="createProject" time="0.041" classname="com.sgteating.assgnDataProviderTestNG.Demo7"/>
  <testcase name="createTask" time="0.042" classname="com.sgteating.assgnDataProviderTestNG.Demo7"/>
  <testcase name="deleteTask" time="0.036" classname="com.sgteating.assgnDataProviderTestNG.Demo7"/>
  <testcase name="deleteProject" time="0.045" classname="com.sgteating.assgnDataProviderTestNG.Demo7"/>
  <testcase name="deleteCustomer" time="0.048" classname="com.sgteating.assgnDataProviderTestNG.Demo7"/>
  <testcase name="deleteUser" time="1.14" classname="com.sgteating.assgnDataProviderTestNG.Demo7"/>
  <testcase name="logout" time="1.116" classname="com.sgteating.assgnDataProviderTestNG.Demo7"/>
  <testcase name="closeApplication" time="0.53" classname="com.sgteating.assgnDataProviderTestNG.Demo7"/>
  <testcase name="launchBrowser" time="6.782" classname="com.sgteating.assgnDataProviderTestNG.Demo8"/>
  <testcase name="navigate" time="9.061" classname="com.sgteating.assgnDataProviderTestNG.Demo8"/>
  <testcase name="login" time="7.385" classname="com.sgteating.assgnDataProviderTestNG.Demo8"/>
  <testcase name="minimizeFlyOutWindow" time="5.231" classname="com.sgteating.assgnDataProviderTestNG.Demo8"/>
  <testcase name="createUser" time="54.247" classname="com.sgteating.assgnDataProviderTestNG.Demo8"/>
  <testcase name="logout" time="5.841" classname="com.sgteating.assgnDataProviderTestNG.Demo8"/>
  <testcase name="login1" time="69.078" classname="com.sgteating.assgnDataProviderTestNG.Demo8"/>
  <testcase name="loginn" time="0.092" classname="com.sgteating.assgnDataProviderTestNG.Demo8"/>
  <testcase name="deleteUser" time="1.135" classname="com.sgteating.assgnDataProviderTestNG.Demo8"/>
  <testcase name="logoutt" time="1.185" classname="com.sgteating.assgnDataProviderTestNG.Demo8"/>
  <testcase name="closeApplication" time="0.519" classname="com.sgteating.assgnDataProviderTestNG.Demo8"/>
  <testcase name="launchBrowser" time="6.704" classname="com.sgteating.assgnDataProviderTestNG.Demo9"/>
  <testcase name="navigate" time="9.975" classname="com.sgteating.assgnDataProviderTestNG.Demo9"/>
  <testcase name="loginCreate" time="37.432" classname="com.sgteating.assgnDataProviderTestNG.Demo9"/>
  <testcase name="loginModify" time="33.218" classname="com.sgteating.assgnDataProviderTestNG.Demo9"/>
  <testcase name="deleteUser" time="0.035" classname="com.sgteating.assgnDataProviderTestNG.Demo9"/>
  <testcase name="closeApplication" time="0.299" classname="com.sgteating.assgnDataProviderTestNG.Demo9"/>
</testsuite> <!-- Scenario1 -->
