<?xml version="1.0" encoding="UTF-8"?>
<!-- Generated by org.testng.reporters.JUnitXMLReporter -->
<testsuite hostname="DESKTOP-Q4SGRQV" ignored="0" name="Product Scenarios" tests="3" failures="0" timestamp="2021-05-31T21:16:21 IST" time="0.03" errors="0">
  <testcase name="createProduct" time="0.003" classname="com.sgtesting.products.Products"/>
  <testcase name="deleteProduct" time="0.003" classname="com.sgtesting.products.Products"/>
  <testcase name="modifyProduct" time="0.002" classname="com.sgtesting.products.Products"/>
</testsuite> <!-- Product Scenarios -->
