<?xml version="1.0" encoding="UTF-8"?>
<!-- Generated by org.testng.reporters.JUnitXMLReporter -->
<testsuite hostname="DESKTOP-Q4SGRQV" ignored="2" name="Scenarios" tests="4" failures="0" timestamp="2021-06-01T23:26:37 IST" time="0.083" errors="0">
  <testcase name="createUser" time="0.007" classname="com.sgtesting.users.Users"/>
  <testcase name="deleteUser" time="0.001" classname="com.sgtesting.users.Users"/>
  <testcase name="modifyUser" time="0.001" classname="com.sgtesting.users.Users"/>
  <testcase name="createProduct" time="0.002" classname="com.sgtesting.products.Products"/>
  <testcase name="modifyProduct" time="0.0" classname="com.sgtesting.products.Products">
    <ignored/>
  </testcase> <!-- modifyProduct -->
  <testcase name="deleteProduct" time="0.0" classname="com.sgtesting.products.Products">
    <ignored/>
  </testcase> <!-- deleteProduct -->
</testsuite> <!-- Scenarios -->
