<?xml version="1.0" encoding="UTF-8"?>
<!-- Generated by org.testng.reporters.JUnitXMLReporter -->
<testsuite hostname="DESKTOP-Q4SGRQV" ignored="0" name="Users and Products Scenarios" tests="6" failures="0" timestamp="2021-05-31T21:14:10 IST" time="0.152" errors="0">
  <testcase name="createUser" time="0.011" classname="com.sgtesting.users.Users"/>
  <testcase name="deleteUser" time="0.003" classname="com.sgtesting.users.Users"/>
  <testcase name="modifyUser" time="0.003" classname="com.sgtesting.users.Users"/>
  <testcase name="createProduct" time="0.003" classname="com.sgtesting.products.Products"/>
  <testcase name="deleteProduct" time="0.003" classname="com.sgtesting.products.Products"/>
  <testcase name="modifyProduct" time="0.002" classname="com.sgtesting.products.Products"/>
</testsuite> <!-- Users and Products Scenarios -->
