<?xml version="1.0" encoding="UTF-8"?>
<!-- Generated by org.testng.reporters.JUnitXMLReporter -->
<testsuite hostname="DESKTOP-Q4SGRQV" ignored="0" name="User Scenarios" tests="3" failures="0" timestamp="2021-05-31T21:16:21 IST" time="0.072" errors="0">
  <testcase name="createUser" time="0.006" classname="com.sgtesting.users.Users"/>
  <testcase name="deleteUser" time="0.002" classname="com.sgtesting.users.Users"/>
  <testcase name="modifyUser" time="0.003" classname="com.sgtesting.users.Users"/>
</testsuite> <!-- User Scenarios -->
